C:\USERS\USER\DOCUMENTS\VISUAL STUDIO 2012\PROJECTS\LABAFORM4_QUEUESORT\LABAFORM4_QUEUESORT\DEBUG\STDAFX.OBJ
C:\USERS\USER\DOCUMENTS\VISUAL STUDIO 2012\PROJECTS\LABAFORM4_QUEUESORT\LABAFORM4_QUEUESORT\DEBUG\MYFORM.OBJ
C:\USERS\USER\DOCUMENTS\VISUAL STUDIO 2012\PROJECTS\LABAFORM4_QUEUESORT\LABAFORM4_QUEUESORT\DEBUG\VC110.PDB
C:\USERS\USER\DOCUMENTS\VISUAL STUDIO 2012\PROJECTS\LABAFORM4_QUEUESORT\LABAFORM4_QUEUESORT\DEBUG\.NETFRAMEWORK,VERSION=V4.5.ASSEMBLYATTRIBUTES.OBJ
C:\Users\User\Documents\Visual Studio 2012\Projects\LabaForm4_QueueSort\LabaForm4_QueueSort\Debug\LabaForm4_QueueSort.MyForm.resources
C:\USERS\USER\DOCUMENTS\VISUAL STUDIO 2012\PROJECTS\LABAFORM4_QUEUESORT\DEBUG\LABAFORM4_QUEUESORT.ILK
C:\USERS\USER\DOCUMENTS\VISUAL STUDIO 2012\PROJECTS\LABAFORM4_QUEUESORT\DEBUG\LABAFORM4_QUEUESORT.EXE
C:\USERS\USER\DOCUMENTS\VISUAL STUDIO 2012\PROJECTS\LABAFORM4_QUEUESORT\DEBUG\LABAFORM4_QUEUESORT.PDB
C:\Users\User\Documents\Visual Studio 2012\Projects\LabaForm4_QueueSort\LabaForm4_QueueSort\Debug\LabaForm4_QueueSort.vcxproj.GenerateResource.Cache
C:\Users\User\Documents\Visual Studio 2012\Projects\LabaForm4_QueueSort\LabaForm4_QueueSort\Debug\.NETFramework,Version=v4.5.AssemblyAttributes.obj
C:\Users\User\Documents\Visual Studio 2012\Projects\LabaForm4_QueueSort\LabaForm4_QueueSort\Debug\MyForm.obj
C:\Users\User\Documents\Visual Studio 2012\Projects\LabaForm4_QueueSort\LabaForm4_QueueSort\Debug\stdafx.obj
C:\Users\User\Documents\Visual Studio 2012\Projects\LabaForm4_QueueSort\LabaForm4_QueueSort\Debug\cl.command.1.tlog
C:\Users\User\Documents\Visual Studio 2012\Projects\LabaForm4_QueueSort\LabaForm4_QueueSort\Debug\CL.read.1.tlog
C:\Users\User\Documents\Visual Studio 2012\Projects\LabaForm4_QueueSort\LabaForm4_QueueSort\Debug\CL.write.1.tlog
C:\Users\User\Documents\Visual Studio 2012\Projects\LabaForm4_QueueSort\LabaForm4_QueueSort\Debug\LabaForm4_QueueSort.write.1.tlog
C:\Users\User\Documents\Visual Studio 2012\Projects\LabaForm4_QueueSort\LabaForm4_QueueSort\Debug\link.1500-cvtres.read.1.tlog
C:\Users\User\Documents\Visual Studio 2012\Projects\LabaForm4_QueueSort\LabaForm4_QueueSort\Debug\link.1500-cvtres.write.1.tlog
C:\Users\User\Documents\Visual Studio 2012\Projects\LabaForm4_QueueSort\LabaForm4_QueueSort\Debug\link.1500-rc.read.1.tlog
C:\Users\User\Documents\Visual Studio 2012\Projects\LabaForm4_QueueSort\LabaForm4_QueueSort\Debug\link.1500-rc.write.1.tlog
C:\Users\User\Documents\Visual Studio 2012\Projects\LabaForm4_QueueSort\LabaForm4_QueueSort\Debug\link.1500.read.1.tlog
C:\Users\User\Documents\Visual Studio 2012\Projects\LabaForm4_QueueSort\LabaForm4_QueueSort\Debug\link.1500.write.1.tlog
C:\Users\User\Documents\Visual Studio 2012\Projects\LabaForm4_QueueSort\LabaForm4_QueueSort\Debug\link.4360-cvtres.read.1.tlog
C:\Users\User\Documents\Visual Studio 2012\Projects\LabaForm4_QueueSort\LabaForm4_QueueSort\Debug\link.4360-cvtres.write.1.tlog
C:\Users\User\Documents\Visual Studio 2012\Projects\LabaForm4_QueueSort\LabaForm4_QueueSort\Debug\link.4360-rc.read.1.tlog
C:\Users\User\Documents\Visual Studio 2012\Projects\LabaForm4_QueueSort\LabaForm4_QueueSort\Debug\link.4360-rc.write.1.tlog
C:\Users\User\Documents\Visual Studio 2012\Projects\LabaForm4_QueueSort\LabaForm4_QueueSort\Debug\link.4360.read.1.tlog
C:\Users\User\Documents\Visual Studio 2012\Projects\LabaForm4_QueueSort\LabaForm4_QueueSort\Debug\link.4360.write.1.tlog
C:\Users\User\Documents\Visual Studio 2012\Projects\LabaForm4_QueueSort\LabaForm4_QueueSort\Debug\link.4388-cvtres.read.1.tlog
C:\Users\User\Documents\Visual Studio 2012\Projects\LabaForm4_QueueSort\LabaForm4_QueueSort\Debug\link.4388-cvtres.write.1.tlog
C:\Users\User\Documents\Visual Studio 2012\Projects\LabaForm4_QueueSort\LabaForm4_QueueSort\Debug\link.4388-rc.read.1.tlog
C:\Users\User\Documents\Visual Studio 2012\Projects\LabaForm4_QueueSort\LabaForm4_QueueSort\Debug\link.4388-rc.write.1.tlog
C:\Users\User\Documents\Visual Studio 2012\Projects\LabaForm4_QueueSort\LabaForm4_QueueSort\Debug\link.4388.read.1.tlog
C:\Users\User\Documents\Visual Studio 2012\Projects\LabaForm4_QueueSort\LabaForm4_QueueSort\Debug\link.4388.write.1.tlog
C:\Users\User\Documents\Visual Studio 2012\Projects\LabaForm4_QueueSort\LabaForm4_QueueSort\Debug\link.4660-cvtres.read.1.tlog
C:\Users\User\Documents\Visual Studio 2012\Projects\LabaForm4_QueueSort\LabaForm4_QueueSort\Debug\link.4660-cvtres.write.1.tlog
C:\Users\User\Documents\Visual Studio 2012\Projects\LabaForm4_QueueSort\LabaForm4_QueueSort\Debug\link.4660-rc.read.1.tlog
C:\Users\User\Documents\Visual Studio 2012\Projects\LabaForm4_QueueSort\LabaForm4_QueueSort\Debug\link.4660-rc.write.1.tlog
C:\Users\User\Documents\Visual Studio 2012\Projects\LabaForm4_QueueSort\LabaForm4_QueueSort\Debug\link.4660.read.1.tlog
C:\Users\User\Documents\Visual Studio 2012\Projects\LabaForm4_QueueSort\LabaForm4_QueueSort\Debug\link.4660.write.1.tlog
C:\Users\User\Documents\Visual Studio 2012\Projects\LabaForm4_QueueSort\LabaForm4_QueueSort\Debug\link.4988-cvtres.read.1.tlog
C:\Users\User\Documents\Visual Studio 2012\Projects\LabaForm4_QueueSort\LabaForm4_QueueSort\Debug\link.4988-cvtres.write.1.tlog
C:\Users\User\Documents\Visual Studio 2012\Projects\LabaForm4_QueueSort\LabaForm4_QueueSort\Debug\link.4988-rc.read.1.tlog
C:\Users\User\Documents\Visual Studio 2012\Projects\LabaForm4_QueueSort\LabaForm4_QueueSort\Debug\link.4988-rc.write.1.tlog
C:\Users\User\Documents\Visual Studio 2012\Projects\LabaForm4_QueueSort\LabaForm4_QueueSort\Debug\link.4988.read.1.tlog
C:\Users\User\Documents\Visual Studio 2012\Projects\LabaForm4_QueueSort\LabaForm4_QueueSort\Debug\link.4988.write.1.tlog
C:\Users\User\Documents\Visual Studio 2012\Projects\LabaForm4_QueueSort\LabaForm4_QueueSort\Debug\link.5152-cvtres.read.1.tlog
C:\Users\User\Documents\Visual Studio 2012\Projects\LabaForm4_QueueSort\LabaForm4_QueueSort\Debug\link.5152-cvtres.write.1.tlog
C:\Users\User\Documents\Visual Studio 2012\Projects\LabaForm4_QueueSort\LabaForm4_QueueSort\Debug\link.5152-rc.read.1.tlog
C:\Users\User\Documents\Visual Studio 2012\Projects\LabaForm4_QueueSort\LabaForm4_QueueSort\Debug\link.5152-rc.write.1.tlog
C:\Users\User\Documents\Visual Studio 2012\Projects\LabaForm4_QueueSort\LabaForm4_QueueSort\Debug\link.5152.read.1.tlog
C:\Users\User\Documents\Visual Studio 2012\Projects\LabaForm4_QueueSort\LabaForm4_QueueSort\Debug\link.5152.write.1.tlog
C:\Users\User\Documents\Visual Studio 2012\Projects\LabaForm4_QueueSort\LabaForm4_QueueSort\Debug\link.5296-cvtres.read.1.tlog
C:\Users\User\Documents\Visual Studio 2012\Projects\LabaForm4_QueueSort\LabaForm4_QueueSort\Debug\link.5296-cvtres.write.1.tlog
C:\Users\User\Documents\Visual Studio 2012\Projects\LabaForm4_QueueSort\LabaForm4_QueueSort\Debug\link.5296-rc.read.1.tlog
C:\Users\User\Documents\Visual Studio 2012\Projects\LabaForm4_QueueSort\LabaForm4_QueueSort\Debug\link.5296-rc.write.1.tlog
C:\Users\User\Documents\Visual Studio 2012\Projects\LabaForm4_QueueSort\LabaForm4_QueueSort\Debug\link.5296.read.1.tlog
C:\Users\User\Documents\Visual Studio 2012\Projects\LabaForm4_QueueSort\LabaForm4_QueueSort\Debug\link.5296.write.1.tlog
C:\Users\User\Documents\Visual Studio 2012\Projects\LabaForm4_QueueSort\LabaForm4_QueueSort\Debug\link.5624-cvtres.read.1.tlog
C:\Users\User\Documents\Visual Studio 2012\Projects\LabaForm4_QueueSort\LabaForm4_QueueSort\Debug\link.5624-cvtres.write.1.tlog
C:\Users\User\Documents\Visual Studio 2012\Projects\LabaForm4_QueueSort\LabaForm4_QueueSort\Debug\link.5624-rc.read.1.tlog
C:\Users\User\Documents\Visual Studio 2012\Projects\LabaForm4_QueueSort\LabaForm4_QueueSort\Debug\link.5624-rc.write.1.tlog
C:\Users\User\Documents\Visual Studio 2012\Projects\LabaForm4_QueueSort\LabaForm4_QueueSort\Debug\link.5624.read.1.tlog
C:\Users\User\Documents\Visual Studio 2012\Projects\LabaForm4_QueueSort\LabaForm4_QueueSort\Debug\link.5624.write.1.tlog
C:\Users\User\Documents\Visual Studio 2012\Projects\LabaForm4_QueueSort\LabaForm4_QueueSort\Debug\link.5768-cvtres.read.1.tlog
C:\Users\User\Documents\Visual Studio 2012\Projects\LabaForm4_QueueSort\LabaForm4_QueueSort\Debug\link.5768-cvtres.write.1.tlog
C:\Users\User\Documents\Visual Studio 2012\Projects\LabaForm4_QueueSort\LabaForm4_QueueSort\Debug\link.5768-rc.read.1.tlog
C:\Users\User\Documents\Visual Studio 2012\Projects\LabaForm4_QueueSort\LabaForm4_QueueSort\Debug\link.5768-rc.write.1.tlog
C:\Users\User\Documents\Visual Studio 2012\Projects\LabaForm4_QueueSort\LabaForm4_QueueSort\Debug\link.5768.read.1.tlog
C:\Users\User\Documents\Visual Studio 2012\Projects\LabaForm4_QueueSort\LabaForm4_QueueSort\Debug\link.5768.write.1.tlog
C:\Users\User\Documents\Visual Studio 2012\Projects\LabaForm4_QueueSort\LabaForm4_QueueSort\Debug\link.5828-cvtres.read.1.tlog
C:\Users\User\Documents\Visual Studio 2012\Projects\LabaForm4_QueueSort\LabaForm4_QueueSort\Debug\link.5828-cvtres.write.1.tlog
C:\Users\User\Documents\Visual Studio 2012\Projects\LabaForm4_QueueSort\LabaForm4_QueueSort\Debug\link.5828-rc.read.1.tlog
C:\Users\User\Documents\Visual Studio 2012\Projects\LabaForm4_QueueSort\LabaForm4_QueueSort\Debug\link.5828-rc.write.1.tlog
C:\Users\User\Documents\Visual Studio 2012\Projects\LabaForm4_QueueSort\LabaForm4_QueueSort\Debug\link.5828.read.1.tlog
C:\Users\User\Documents\Visual Studio 2012\Projects\LabaForm4_QueueSort\LabaForm4_QueueSort\Debug\link.5828.write.1.tlog
C:\Users\User\Documents\Visual Studio 2012\Projects\LabaForm4_QueueSort\LabaForm4_QueueSort\Debug\link.5844-cvtres.read.1.tlog
C:\Users\User\Documents\Visual Studio 2012\Projects\LabaForm4_QueueSort\LabaForm4_QueueSort\Debug\link.5844-cvtres.write.1.tlog
C:\Users\User\Documents\Visual Studio 2012\Projects\LabaForm4_QueueSort\LabaForm4_QueueSort\Debug\link.5844-rc.read.1.tlog
C:\Users\User\Documents\Visual Studio 2012\Projects\LabaForm4_QueueSort\LabaForm4_QueueSort\Debug\link.5844-rc.write.1.tlog
C:\Users\User\Documents\Visual Studio 2012\Projects\LabaForm4_QueueSort\LabaForm4_QueueSort\Debug\link.5844.read.1.tlog
C:\Users\User\Documents\Visual Studio 2012\Projects\LabaForm4_QueueSort\LabaForm4_QueueSort\Debug\link.5844.write.1.tlog
C:\Users\User\Documents\Visual Studio 2012\Projects\LabaForm4_QueueSort\LabaForm4_QueueSort\Debug\link.5912-cvtres.read.1.tlog
C:\Users\User\Documents\Visual Studio 2012\Projects\LabaForm4_QueueSort\LabaForm4_QueueSort\Debug\link.5912-cvtres.write.1.tlog
C:\Users\User\Documents\Visual Studio 2012\Projects\LabaForm4_QueueSort\LabaForm4_QueueSort\Debug\link.5912-rc.read.1.tlog
C:\Users\User\Documents\Visual Studio 2012\Projects\LabaForm4_QueueSort\LabaForm4_QueueSort\Debug\link.5912-rc.write.1.tlog
C:\Users\User\Documents\Visual Studio 2012\Projects\LabaForm4_QueueSort\LabaForm4_QueueSort\Debug\link.5912.read.1.tlog
C:\Users\User\Documents\Visual Studio 2012\Projects\LabaForm4_QueueSort\LabaForm4_QueueSort\Debug\link.5912.write.1.tlog
C:\Users\User\Documents\Visual Studio 2012\Projects\LabaForm4_QueueSort\LabaForm4_QueueSort\Debug\link.5948-cvtres.read.1.tlog
C:\Users\User\Documents\Visual Studio 2012\Projects\LabaForm4_QueueSort\LabaForm4_QueueSort\Debug\link.5948-cvtres.write.1.tlog
C:\Users\User\Documents\Visual Studio 2012\Projects\LabaForm4_QueueSort\LabaForm4_QueueSort\Debug\link.5948-rc.read.1.tlog
C:\Users\User\Documents\Visual Studio 2012\Projects\LabaForm4_QueueSort\LabaForm4_QueueSort\Debug\link.5948-rc.write.1.tlog
C:\Users\User\Documents\Visual Studio 2012\Projects\LabaForm4_QueueSort\LabaForm4_QueueSort\Debug\link.5948.read.1.tlog
C:\Users\User\Documents\Visual Studio 2012\Projects\LabaForm4_QueueSort\LabaForm4_QueueSort\Debug\link.5948.write.1.tlog
C:\Users\User\Documents\Visual Studio 2012\Projects\LabaForm4_QueueSort\LabaForm4_QueueSort\Debug\link.command.1.tlog
C:\Users\User\Documents\Visual Studio 2012\Projects\LabaForm4_QueueSort\LabaForm4_QueueSort\Debug\link.read.1.tlog
C:\Users\User\Documents\Visual Studio 2012\Projects\LabaForm4_QueueSort\LabaForm4_QueueSort\Debug\link.write.1.tlog
C:\Users\User\Documents\Visual Studio 2012\Projects\LabaForm4_QueueSort\LabaForm4_QueueSort\Debug\metagen.read.1.tlog
C:\Users\User\Documents\Visual Studio 2012\Projects\LabaForm4_QueueSort\LabaForm4_QueueSort\Debug\metagen.write.1.tlog
C:\Users\User\Documents\Visual Studio 2012\Projects\LabaForm4_QueueSort\LabaForm4_QueueSort\Debug\vc110.pdb
C:\Users\User\Documents\Visual Studio 2012\Projects\LabaForm4_QueueSort\LabaForm4_QueueSort\Debug\RSAENH.DLL.bi
C:\Users\User\Documents\Visual Studio 2012\Projects\LabaForm4_QueueSort\LabaForm4_QueueSort\Debug\TZRES.DLL.bi
C:\Users\User\Documents\Visual Studio 2012\Projects\LabaForm4_QueueSort\Debug\LabaForm4_QueueSort.pdb
C:\Users\User\Documents\Visual Studio 2012\Projects\LabaForm4_QueueSort\Debug\LabaForm4_QueueSort.exe
C:\Users\User\Documents\Visual Studio 2012\Projects\LabaForm4_QueueSort\Debug\LabaForm4_QueueSort.ilk
