C:\USERS\USER\DOCUMENTS\VISUAL STUDIO 2012\PROJECTS\LABAFORM2_MATRIX\LABAFORM2_MATRIX\DEBUG\.NETFRAMEWORK,VERSION=V4.5.ASSEMBLYATTRIBUTES.OBJ
C:\USERS\USER\DOCUMENTS\VISUAL STUDIO 2012\PROJECTS\LABAFORM2_MATRIX\LABAFORM2_MATRIX\DEBUG\VC110.PDB
C:\USERS\USER\DOCUMENTS\VISUAL STUDIO 2012\PROJECTS\LABAFORM2_MATRIX\LABAFORM2_MATRIX\DEBUG\STDAFX.OBJ
C:\USERS\USER\DOCUMENTS\VISUAL STUDIO 2012\PROJECTS\LABAFORM2_MATRIX\LABAFORM2_MATRIX\DEBUG\MYFORM.OBJ
c:\Users\User\documents\visual studio 2012\Projects\LabaForm2_Matrix\LabaForm2_Matrix\Debug\LabaForm2_Matrix.MyForm.resources
C:\Users\User\Documents\Visual Studio 2012\Projects\LabaForm2_Matrix\LabaForm2_Matrix\Debug\LabaForm2_Matrix.MyForm.resources
C:\USERS\USER\DOCUMENTS\VISUAL STUDIO 2012\PROJECTS\LABAFORM2_MATRIX\DEBUG\LABAFORM2_MATRIX.ILK
C:\USERS\USER\DOCUMENTS\VISUAL STUDIO 2012\PROJECTS\LABAFORM2_MATRIX\DEBUG\LABAFORM2_MATRIX.EXE
C:\USERS\USER\DOCUMENTS\VISUAL STUDIO 2012\PROJECTS\LABAFORM2_MATRIX\DEBUG\LABAFORM2_MATRIX.PDB
C:\Users\User\Documents\Visual Studio 2012\Projects\LabaForm2_Matrix\LabaForm2_Matrix\Debug\LabaForm2_Matrix.vcxproj.GenerateResource.Cache
C:\Users\User\Documents\Visual Studio 2012\Projects\LabaForm2_Matrix\LabaForm2_Matrix\Debug\LabaForm2_Matrix.vcxprojResolveAssemblyReference.cache
C:\Users\User\Documents\Visual Studio 2012\Projects\LabaForm2_Matrix\LabaForm2_Matrix\Debug\.NETFramework,Version=v4.5.AssemblyAttributes.obj
C:\Users\User\Documents\Visual Studio 2012\Projects\LabaForm2_Matrix\LabaForm2_Matrix\Debug\MyForm.obj
C:\Users\User\Documents\Visual Studio 2012\Projects\LabaForm2_Matrix\LabaForm2_Matrix\Debug\stdafx.obj
C:\Users\User\Documents\Visual Studio 2012\Projects\LabaForm2_Matrix\LabaForm2_Matrix\Debug\cl.command.1.tlog
C:\Users\User\Documents\Visual Studio 2012\Projects\LabaForm2_Matrix\LabaForm2_Matrix\Debug\CL.read.1.tlog
C:\Users\User\Documents\Visual Studio 2012\Projects\LabaForm2_Matrix\LabaForm2_Matrix\Debug\CL.write.1.tlog
C:\Users\User\Documents\Visual Studio 2012\Projects\LabaForm2_Matrix\LabaForm2_Matrix\Debug\LabaForm2_Matrix.write.1.tlog
C:\Users\User\Documents\Visual Studio 2012\Projects\LabaForm2_Matrix\LabaForm2_Matrix\Debug\link.1496-cvtres.read.1.tlog
C:\Users\User\Documents\Visual Studio 2012\Projects\LabaForm2_Matrix\LabaForm2_Matrix\Debug\link.1496-cvtres.write.1.tlog
C:\Users\User\Documents\Visual Studio 2012\Projects\LabaForm2_Matrix\LabaForm2_Matrix\Debug\link.1496-rc.read.1.tlog
C:\Users\User\Documents\Visual Studio 2012\Projects\LabaForm2_Matrix\LabaForm2_Matrix\Debug\link.1496-rc.write.1.tlog
C:\Users\User\Documents\Visual Studio 2012\Projects\LabaForm2_Matrix\LabaForm2_Matrix\Debug\link.1496.read.1.tlog
C:\Users\User\Documents\Visual Studio 2012\Projects\LabaForm2_Matrix\LabaForm2_Matrix\Debug\link.1496.write.1.tlog
C:\Users\User\Documents\Visual Studio 2012\Projects\LabaForm2_Matrix\LabaForm2_Matrix\Debug\link.2104-cvtres.read.1.tlog
C:\Users\User\Documents\Visual Studio 2012\Projects\LabaForm2_Matrix\LabaForm2_Matrix\Debug\link.2104-cvtres.write.1.tlog
C:\Users\User\Documents\Visual Studio 2012\Projects\LabaForm2_Matrix\LabaForm2_Matrix\Debug\link.2104-rc.read.1.tlog
C:\Users\User\Documents\Visual Studio 2012\Projects\LabaForm2_Matrix\LabaForm2_Matrix\Debug\link.2104-rc.write.1.tlog
C:\Users\User\Documents\Visual Studio 2012\Projects\LabaForm2_Matrix\LabaForm2_Matrix\Debug\link.2104.read.1.tlog
C:\Users\User\Documents\Visual Studio 2012\Projects\LabaForm2_Matrix\LabaForm2_Matrix\Debug\link.2104.write.1.tlog
C:\Users\User\Documents\Visual Studio 2012\Projects\LabaForm2_Matrix\LabaForm2_Matrix\Debug\link.2380-cvtres.read.1.tlog
C:\Users\User\Documents\Visual Studio 2012\Projects\LabaForm2_Matrix\LabaForm2_Matrix\Debug\link.2380-cvtres.write.1.tlog
C:\Users\User\Documents\Visual Studio 2012\Projects\LabaForm2_Matrix\LabaForm2_Matrix\Debug\link.2380-rc.read.1.tlog
C:\Users\User\Documents\Visual Studio 2012\Projects\LabaForm2_Matrix\LabaForm2_Matrix\Debug\link.2380-rc.write.1.tlog
C:\Users\User\Documents\Visual Studio 2012\Projects\LabaForm2_Matrix\LabaForm2_Matrix\Debug\link.2380.read.1.tlog
C:\Users\User\Documents\Visual Studio 2012\Projects\LabaForm2_Matrix\LabaForm2_Matrix\Debug\link.2380.write.1.tlog
C:\Users\User\Documents\Visual Studio 2012\Projects\LabaForm2_Matrix\LabaForm2_Matrix\Debug\link.2716-cvtres.read.1.tlog
C:\Users\User\Documents\Visual Studio 2012\Projects\LabaForm2_Matrix\LabaForm2_Matrix\Debug\link.2716-cvtres.write.1.tlog
C:\Users\User\Documents\Visual Studio 2012\Projects\LabaForm2_Matrix\LabaForm2_Matrix\Debug\link.2716-rc.read.1.tlog
C:\Users\User\Documents\Visual Studio 2012\Projects\LabaForm2_Matrix\LabaForm2_Matrix\Debug\link.2716-rc.write.1.tlog
C:\Users\User\Documents\Visual Studio 2012\Projects\LabaForm2_Matrix\LabaForm2_Matrix\Debug\link.2716.read.1.tlog
C:\Users\User\Documents\Visual Studio 2012\Projects\LabaForm2_Matrix\LabaForm2_Matrix\Debug\link.2716.write.1.tlog
C:\Users\User\Documents\Visual Studio 2012\Projects\LabaForm2_Matrix\LabaForm2_Matrix\Debug\link.3288-cvtres.read.1.tlog
C:\Users\User\Documents\Visual Studio 2012\Projects\LabaForm2_Matrix\LabaForm2_Matrix\Debug\link.3288-cvtres.write.1.tlog
C:\Users\User\Documents\Visual Studio 2012\Projects\LabaForm2_Matrix\LabaForm2_Matrix\Debug\link.3288-rc.read.1.tlog
C:\Users\User\Documents\Visual Studio 2012\Projects\LabaForm2_Matrix\LabaForm2_Matrix\Debug\link.3288-rc.write.1.tlog
C:\Users\User\Documents\Visual Studio 2012\Projects\LabaForm2_Matrix\LabaForm2_Matrix\Debug\link.3288.read.1.tlog
C:\Users\User\Documents\Visual Studio 2012\Projects\LabaForm2_Matrix\LabaForm2_Matrix\Debug\link.3288.write.1.tlog
C:\Users\User\Documents\Visual Studio 2012\Projects\LabaForm2_Matrix\LabaForm2_Matrix\Debug\link.3968-cvtres.read.1.tlog
C:\Users\User\Documents\Visual Studio 2012\Projects\LabaForm2_Matrix\LabaForm2_Matrix\Debug\link.3968-cvtres.write.1.tlog
C:\Users\User\Documents\Visual Studio 2012\Projects\LabaForm2_Matrix\LabaForm2_Matrix\Debug\link.3968-rc.read.1.tlog
C:\Users\User\Documents\Visual Studio 2012\Projects\LabaForm2_Matrix\LabaForm2_Matrix\Debug\link.3968-rc.write.1.tlog
C:\Users\User\Documents\Visual Studio 2012\Projects\LabaForm2_Matrix\LabaForm2_Matrix\Debug\link.3968.read.1.tlog
C:\Users\User\Documents\Visual Studio 2012\Projects\LabaForm2_Matrix\LabaForm2_Matrix\Debug\link.3968.write.1.tlog
C:\Users\User\Documents\Visual Studio 2012\Projects\LabaForm2_Matrix\LabaForm2_Matrix\Debug\link.4284-cvtres.read.1.tlog
C:\Users\User\Documents\Visual Studio 2012\Projects\LabaForm2_Matrix\LabaForm2_Matrix\Debug\link.4284-cvtres.write.1.tlog
C:\Users\User\Documents\Visual Studio 2012\Projects\LabaForm2_Matrix\LabaForm2_Matrix\Debug\link.4284-rc.read.1.tlog
C:\Users\User\Documents\Visual Studio 2012\Projects\LabaForm2_Matrix\LabaForm2_Matrix\Debug\link.4284-rc.write.1.tlog
C:\Users\User\Documents\Visual Studio 2012\Projects\LabaForm2_Matrix\LabaForm2_Matrix\Debug\link.4284.read.1.tlog
C:\Users\User\Documents\Visual Studio 2012\Projects\LabaForm2_Matrix\LabaForm2_Matrix\Debug\link.4284.write.1.tlog
C:\Users\User\Documents\Visual Studio 2012\Projects\LabaForm2_Matrix\LabaForm2_Matrix\Debug\link.4576-cvtres.read.1.tlog
C:\Users\User\Documents\Visual Studio 2012\Projects\LabaForm2_Matrix\LabaForm2_Matrix\Debug\link.4576-cvtres.write.1.tlog
C:\Users\User\Documents\Visual Studio 2012\Projects\LabaForm2_Matrix\LabaForm2_Matrix\Debug\link.4576-rc.read.1.tlog
C:\Users\User\Documents\Visual Studio 2012\Projects\LabaForm2_Matrix\LabaForm2_Matrix\Debug\link.4576-rc.write.1.tlog
C:\Users\User\Documents\Visual Studio 2012\Projects\LabaForm2_Matrix\LabaForm2_Matrix\Debug\link.4576.read.1.tlog
C:\Users\User\Documents\Visual Studio 2012\Projects\LabaForm2_Matrix\LabaForm2_Matrix\Debug\link.4576.write.1.tlog
C:\Users\User\Documents\Visual Studio 2012\Projects\LabaForm2_Matrix\LabaForm2_Matrix\Debug\link.4592-cvtres.read.1.tlog
C:\Users\User\Documents\Visual Studio 2012\Projects\LabaForm2_Matrix\LabaForm2_Matrix\Debug\link.4592-cvtres.write.1.tlog
C:\Users\User\Documents\Visual Studio 2012\Projects\LabaForm2_Matrix\LabaForm2_Matrix\Debug\link.4592-rc.read.1.tlog
C:\Users\User\Documents\Visual Studio 2012\Projects\LabaForm2_Matrix\LabaForm2_Matrix\Debug\link.4592-rc.write.1.tlog
C:\Users\User\Documents\Visual Studio 2012\Projects\LabaForm2_Matrix\LabaForm2_Matrix\Debug\link.4592.read.1.tlog
C:\Users\User\Documents\Visual Studio 2012\Projects\LabaForm2_Matrix\LabaForm2_Matrix\Debug\link.4592.write.1.tlog
C:\Users\User\Documents\Visual Studio 2012\Projects\LabaForm2_Matrix\LabaForm2_Matrix\Debug\link.4808-cvtres.read.1.tlog
C:\Users\User\Documents\Visual Studio 2012\Projects\LabaForm2_Matrix\LabaForm2_Matrix\Debug\link.4808-cvtres.write.1.tlog
C:\Users\User\Documents\Visual Studio 2012\Projects\LabaForm2_Matrix\LabaForm2_Matrix\Debug\link.4808-rc.read.1.tlog
C:\Users\User\Documents\Visual Studio 2012\Projects\LabaForm2_Matrix\LabaForm2_Matrix\Debug\link.4808-rc.write.1.tlog
C:\Users\User\Documents\Visual Studio 2012\Projects\LabaForm2_Matrix\LabaForm2_Matrix\Debug\link.4808.read.1.tlog
C:\Users\User\Documents\Visual Studio 2012\Projects\LabaForm2_Matrix\LabaForm2_Matrix\Debug\link.4808.write.1.tlog
C:\Users\User\Documents\Visual Studio 2012\Projects\LabaForm2_Matrix\LabaForm2_Matrix\Debug\link.4832-cvtres.read.1.tlog
C:\Users\User\Documents\Visual Studio 2012\Projects\LabaForm2_Matrix\LabaForm2_Matrix\Debug\link.4832-cvtres.write.1.tlog
C:\Users\User\Documents\Visual Studio 2012\Projects\LabaForm2_Matrix\LabaForm2_Matrix\Debug\link.4832-rc.read.1.tlog
C:\Users\User\Documents\Visual Studio 2012\Projects\LabaForm2_Matrix\LabaForm2_Matrix\Debug\link.4832-rc.write.1.tlog
C:\Users\User\Documents\Visual Studio 2012\Projects\LabaForm2_Matrix\LabaForm2_Matrix\Debug\link.4832.read.1.tlog
C:\Users\User\Documents\Visual Studio 2012\Projects\LabaForm2_Matrix\LabaForm2_Matrix\Debug\link.4832.write.1.tlog
C:\Users\User\Documents\Visual Studio 2012\Projects\LabaForm2_Matrix\LabaForm2_Matrix\Debug\link.4852-cvtres.read.1.tlog
C:\Users\User\Documents\Visual Studio 2012\Projects\LabaForm2_Matrix\LabaForm2_Matrix\Debug\link.4852-cvtres.write.1.tlog
C:\Users\User\Documents\Visual Studio 2012\Projects\LabaForm2_Matrix\LabaForm2_Matrix\Debug\link.4852-rc.read.1.tlog
C:\Users\User\Documents\Visual Studio 2012\Projects\LabaForm2_Matrix\LabaForm2_Matrix\Debug\link.4852-rc.write.1.tlog
C:\Users\User\Documents\Visual Studio 2012\Projects\LabaForm2_Matrix\LabaForm2_Matrix\Debug\link.4852.read.1.tlog
C:\Users\User\Documents\Visual Studio 2012\Projects\LabaForm2_Matrix\LabaForm2_Matrix\Debug\link.4852.write.1.tlog
C:\Users\User\Documents\Visual Studio 2012\Projects\LabaForm2_Matrix\LabaForm2_Matrix\Debug\link.4992-cvtres.read.1.tlog
C:\Users\User\Documents\Visual Studio 2012\Projects\LabaForm2_Matrix\LabaForm2_Matrix\Debug\link.4992-cvtres.write.1.tlog
C:\Users\User\Documents\Visual Studio 2012\Projects\LabaForm2_Matrix\LabaForm2_Matrix\Debug\link.4992-rc.read.1.tlog
C:\Users\User\Documents\Visual Studio 2012\Projects\LabaForm2_Matrix\LabaForm2_Matrix\Debug\link.4992-rc.write.1.tlog
C:\Users\User\Documents\Visual Studio 2012\Projects\LabaForm2_Matrix\LabaForm2_Matrix\Debug\link.4992.read.1.tlog
C:\Users\User\Documents\Visual Studio 2012\Projects\LabaForm2_Matrix\LabaForm2_Matrix\Debug\link.4992.write.1.tlog
C:\Users\User\Documents\Visual Studio 2012\Projects\LabaForm2_Matrix\LabaForm2_Matrix\Debug\link.command.1.tlog
C:\Users\User\Documents\Visual Studio 2012\Projects\LabaForm2_Matrix\LabaForm2_Matrix\Debug\link.read.1.tlog
C:\Users\User\Documents\Visual Studio 2012\Projects\LabaForm2_Matrix\LabaForm2_Matrix\Debug\link.write.1.tlog
C:\Users\User\Documents\Visual Studio 2012\Projects\LabaForm2_Matrix\LabaForm2_Matrix\Debug\metagen.read.1.tlog
C:\Users\User\Documents\Visual Studio 2012\Projects\LabaForm2_Matrix\LabaForm2_Matrix\Debug\metagen.write.1.tlog
C:\Users\User\Documents\Visual Studio 2012\Projects\LabaForm2_Matrix\LabaForm2_Matrix\Debug\vc110.pdb
C:\Users\User\Documents\Visual Studio 2012\Projects\LabaForm2_Matrix\LabaForm2_Matrix\Debug\RSAENH.DLL.bi
C:\Users\User\Documents\Visual Studio 2012\Projects\LabaForm2_Matrix\LabaForm2_Matrix\Debug\TZRES.DLL.bi
C:\Users\User\Documents\Visual Studio 2012\Projects\LabaForm2_Matrix\Debug\LabaForm2_Matrix.pdb
C:\Users\User\Documents\Visual Studio 2012\Projects\LabaForm2_Matrix\Debug\LabaForm2_Matrix.exe
C:\Users\User\Documents\Visual Studio 2012\Projects\LabaForm2_Matrix\Debug\LabaForm2_Matrix.ilk
